Determining if the pthread_create exist failed with the following output:
Change Dir: /home/ubuntu/gopath/src/leochan007/xtp.go/build/CMakeFiles/CMakeTmp

Run Build Command:"/usr/bin/make" "cmTC_160ef/fast"
make[1]: Entering directory '/home/ubuntu/gopath/src/leochan007/xtp.go/build/CMakeFiles/CMakeTmp'
make[1]: Warning: File 'Makefile' has modification time 0.54 s in the future
/usr/bin/make -f CMakeFiles/cmTC_160ef.dir/build.make CMakeFiles/cmTC_160ef.dir/build
make[2]: Entering directory '/home/ubuntu/gopath/src/leochan007/xtp.go/build/CMakeFiles/CMakeTmp'
make[2]: Warning: File 'CMakeFiles/cmTC_160ef.dir/flags.make' has modification time 0.53 s in the future
Building C object CMakeFiles/cmTC_160ef.dir/CheckSymbolExists.c.o
/usr/bin/cc     -o CMakeFiles/cmTC_160ef.dir/CheckSymbolExists.c.o   -c /home/ubuntu/gopath/src/leochan007/xtp.go/build/CMakeFiles/CMakeTmp/CheckSymbolExists.c
Linking C executable cmTC_160ef
/usr/bin/cmake -E cmake_link_script CMakeFiles/cmTC_160ef.dir/link.txt --verbose=1
/usr/bin/cc       CMakeFiles/cmTC_160ef.dir/CheckSymbolExists.c.o  -o cmTC_160ef -rdynamic 
CMakeFiles/cmTC_160ef.dir/CheckSymbolExists.c.o: In function `main':
CheckSymbolExists.c:(.text+0x16): undefined reference to `pthread_create'
collect2: error: ld returned 1 exit status
CMakeFiles/cmTC_160ef.dir/build.make:97: recipe for target 'cmTC_160ef' failed
make[2]: *** [cmTC_160ef] Error 1
make[2]: Leaving directory '/home/ubuntu/gopath/src/leochan007/xtp.go/build/CMakeFiles/CMakeTmp'
Makefile:126: recipe for target 'cmTC_160ef/fast' failed
make[1]: *** [cmTC_160ef/fast] Error 2
make[1]: Leaving directory '/home/ubuntu/gopath/src/leochan007/xtp.go/build/CMakeFiles/CMakeTmp'

File /home/ubuntu/gopath/src/leochan007/xtp.go/build/CMakeFiles/CMakeTmp/CheckSymbolExists.c:
/* */
#include <pthread.h>

int main(int argc, char** argv)
{
  (void)argv;
#ifndef pthread_create
  return ((int*)(&pthread_create))[argc];
#else
  (void)argc;
  return 0;
#endif
}

Determining if the function pthread_create exists in the pthreads failed with the following output:
Change Dir: /home/ubuntu/gopath/src/leochan007/xtp.go/build/CMakeFiles/CMakeTmp

Run Build Command:"/usr/bin/make" "cmTC_1c7df/fast"
make[1]: Entering directory '/home/ubuntu/gopath/src/leochan007/xtp.go/build/CMakeFiles/CMakeTmp'
make[1]: Warning: File 'Makefile' has modification time 1.3 s in the future
/usr/bin/make -f CMakeFiles/cmTC_1c7df.dir/build.make CMakeFiles/cmTC_1c7df.dir/build
make[2]: Entering directory '/home/ubuntu/gopath/src/leochan007/xtp.go/build/CMakeFiles/CMakeTmp'
make[2]: Warning: File 'CMakeFiles/cmTC_1c7df.dir/flags.make' has modification time 1.3 s in the future
Building C object CMakeFiles/cmTC_1c7df.dir/CheckFunctionExists.c.o
/usr/bin/cc    -DCHECK_FUNCTION_EXISTS=pthread_create   -o CMakeFiles/cmTC_1c7df.dir/CheckFunctionExists.c.o   -c /usr/share/cmake-3.5/Modules/CheckFunctionExists.c
Linking C executable cmTC_1c7df
/usr/bin/cmake -E cmake_link_script CMakeFiles/cmTC_1c7df.dir/link.txt --verbose=1
/usr/bin/cc   -DCHECK_FUNCTION_EXISTS=pthread_create    CMakeFiles/cmTC_1c7df.dir/CheckFunctionExists.c.o  -o cmTC_1c7df -rdynamic -lpthreads 
/usr/bin/ld: cannot find -lpthreads
collect2: error: ld returned 1 exit status
CMakeFiles/cmTC_1c7df.dir/build.make:97: recipe for target 'cmTC_1c7df' failed
make[2]: *** [cmTC_1c7df] Error 1
make[2]: Leaving directory '/home/ubuntu/gopath/src/leochan007/xtp.go/build/CMakeFiles/CMakeTmp'
Makefile:126: recipe for target 'cmTC_1c7df/fast' failed
make[1]: *** [cmTC_1c7df/fast] Error 2
make[1]: Leaving directory '/home/ubuntu/gopath/src/leochan007/xtp.go/build/CMakeFiles/CMakeTmp'


